c:\users\maxim\documents\dino_graph\dino_with_graphics\project1\debug\vc143.pdb
c:\users\maxim\documents\dino_graph\dino_with_graphics\project1\debug\vc143.idb
c:\users\maxim\documents\dino_graph\dino_with_graphics\project1\debug\main.obj
c:\users\maxim\documents\dino_graph\dino_with_graphics\project1\debug\player.obj
c:\users\maxim\documents\dino_graph\dino_with_graphics\project1\debug\dino.obj
c:\users\maxim\documents\dino_graph\dino_with_graphics\project1\debug\shop.obj
c:\users\maxim\documents\dino_graph\dino_with_graphics\project1\debug\saveloader.obj
c:\users\maxim\documents\dino_graph\dino_with_graphics\debug\dino_with_graphics.exe
c:\users\maxim\documents\dino_graph\dino_with_graphics\debug\dino_with_graphics.pdb
c:\users\maxim\documents\dino_graph\dino_with_graphics\project1\debug\dino_with_graphics.ilk
c:\users\maxim\documents\dino_graph\dino_with_graphics\project1\debug\button.obj
c:\users\maxim\documents\dino_graph\dino_with_graphics\project1\debug\consts.obj
c:\users\maxim\documents\dino_graph\dino_with_graphics\project1\debug\make_mainmenu.obj
c:\users\maxim\documents\dino_graph\dino_with_graphics\project1\debug\mygame.obj
c:\users\maxim\documents\dino_graph\dino_with_graphics\project1\debug\dino_wit.8d01bd1c.tlog\cl.command.1.tlog
c:\users\maxim\documents\dino_graph\dino_with_graphics\project1\debug\dino_wit.8d01bd1c.tlog\cl.items.tlog
c:\users\maxim\documents\dino_graph\dino_with_graphics\project1\debug\dino_wit.8d01bd1c.tlog\cl.read.1.tlog
c:\users\maxim\documents\dino_graph\dino_with_graphics\project1\debug\dino_wit.8d01bd1c.tlog\cl.write.1.tlog
c:\users\maxim\documents\dino_graph\dino_with_graphics\project1\debug\dino_wit.8d01bd1c.tlog\link.command.1.tlog
c:\users\maxim\documents\dino_graph\dino_with_graphics\project1\debug\dino_wit.8d01bd1c.tlog\link.read.1.tlog
c:\users\maxim\documents\dino_graph\dino_with_graphics\project1\debug\dino_wit.8d01bd1c.tlog\link.secondary.1.tlog
c:\users\maxim\documents\dino_graph\dino_with_graphics\project1\debug\dino_wit.8d01bd1c.tlog\link.write.1.tlog
